<?xml version="1.0" encoding="UTF-8"?>
<testng-results ignored="0" total="1" passed="1" failed="0" skipped="0">
  <reporter-output>
  </reporter-output>
  <suite started-at="2026-05-05T13:25:42 IST" name="Suite" finished-at="2026-05-05T13:25:56 IST" duration-ms="13355">
    <groups>
    </groups>
    <test started-at="2026-05-05T13:25:42 IST" name="Test" finished-at="2026-05-05T13:25:56 IST" duration-ms="13355">
      <class name="testCases.Tc_login">
        <test-method is-config="true" signature="setup(java.lang.String,java.lang.String)[pri:0, instance:testCases.Tc_login@4e50c791]" started-at="2026-05-05T13:25:42 IST" name="setup" finished-at="2026-05-05T13:25:52 IST" duration-ms="9465" status="PASS">
          <params>
            <param index="0">
              <value>
                <![CDATA[windows]]>
              </value>
            </param>
            <param index="1">
              <value>
                <![CDATA[chrome]]>
              </value>
            </param>
          </params>
          <reporter-output>
          </reporter-output>
        </test-method> <!-- setup -->
        <test-method signature="verifytheliginfunctionality()[pri:0, instance:testCases.Tc_login@4e50c791]" started-at="2026-05-05T13:25:52 IST" name="verifytheliginfunctionality" finished-at="2026-05-05T13:25:55 IST" duration-ms="3653" status="PASS">
          <reporter-output>
          </reporter-output>
        </test-method> <!-- verifytheliginfunctionality -->
        <test-method is-config="true" signature="teardown()[pri:0, instance:testCases.Tc_login@4e50c791]" started-at="2026-05-05T13:25:55 IST" name="teardown" finished-at="2026-05-05T13:25:56 IST" duration-ms="190" status="PASS">
          <reporter-output>
          </reporter-output>
        </test-method> <!-- teardown -->
      </class> <!-- testCases.Tc_login -->
    </test> <!-- Test -->
  </suite> <!-- Suite -->
</testng-results>
